\BOOKMARK [0][-]{part.1}{I Maneig d'\340cids nucleics}{}% 1
\BOOKMARK [1][-]{section.1}{Preparaci\363 i an\340lisi dels \340cids nucleics}{part.1}% 2
\BOOKMARK [2][-]{subsection.1.1}{Introducci\363}{section.1}% 3
\BOOKMARK [2][-]{subsection.1.2}{Purificaci\363 del DNA total procariota}{section.1}% 4
\BOOKMARK [2][-]{subsection.1.3}{Purificaci\363 del DNA plasm\355dic}{section.1}% 5
\BOOKMARK [2][-]{subsection.1.4}{Purificaci\363 del genoma de bacteri\362fags}{section.1}% 6
\BOOKMARK [2][-]{subsection.1.5}{A\357llament de RNA}{section.1}% 7
\BOOKMARK [2][-]{subsection.1.6}{Electroforesi d'\340cids nucleics}{section.1}% 8
\BOOKMARK [2][-]{subsection.1.7}{Quantificaci\363 de material gen\350tic}{section.1}% 9
\BOOKMARK [1][-]{section.2}{Enzims per la manipulaci\363 dels \340cids nucleics}{part.1}% 10
\BOOKMARK [2][-]{subsection.2.1}{Fragmentaci\363 d'acids nucleics}{section.2}% 11
\BOOKMARK [2][-]{subsection.2.2}{Enzims modificadors d'\340cids nucleics}{section.2}% 12
\BOOKMARK [2][-]{subsection.2.3}{Uni\363 de mol\350cules de DNA. Lligases}{section.2}% 13
\BOOKMARK [2][-]{subsection.2.4}{Polimerases}{section.2}% 14
\BOOKMARK [1][-]{section.3}{Seminari. Aplicacions de la PCR}{part.1}% 15
\BOOKMARK [2][-]{subsection.3.1}{Bases de la PCR}{section.3}% 16
\BOOKMARK [2][-]{subsection.3.2}{Aplicacions de la PCR i RT-PCR}{section.3}% 17
\BOOKMARK [1][-]{section.4}{Estudi de la seq\374\350ncia d'\340cids nucleics. Marcatge}{part.1}% 18
\BOOKMARK [2][-]{subsection.4.1}{Marcatge uniforme}{section.4}% 19
\BOOKMARK [2][-]{subsection.4.2}{Marcatge d'extrems}{section.4}% 20
\BOOKMARK [2][-]{subsection.4.3}{Sondes}{section.4}% 21
\BOOKMARK [0][-]{part.2}{II Clonatge}{}% 22
\BOOKMARK [1][-]{section.5}{Clonatge. Cloning PCR}{part.2}% 23
\BOOKMARK [2][-]{subsection.5.1}{PCR per clonar}{section.5}% 24
\BOOKMARK [2][-]{subsection.5.2}{Clonatge en vectors}{section.5}% 25
\BOOKMARK [1][-]{section.6}{Vectors de clonatge}{part.2}% 26
\BOOKMARK [2][-]{subsection.6.1}{Requisits dels vectors de clonatge}{section.6}% 27
\BOOKMARK [2][-]{subsection.6.2}{Manipulaci\363 de pl\340smids}{section.6}% 28
\BOOKMARK [2][-]{subsection.6.3}{Vectors d'expressi\363}{section.6}% 29
\BOOKMARK [2][-]{subsection.6.4}{Vectors derivats del fag }{section.6}% 30
\BOOKMARK [0][-]{part.3}{III Caracteritzaci\363 d'\340cids nucleics}{}% 31
\BOOKMARK [0][-]{part.4}{IV Aplicacions de l'enginyeria gen\350tica}{}% 32
