\BOOKMARK [1][-]{section.1}{Variabilitat Cl\355nica}{}% 1
\BOOKMARK [2][-]{subsection.1.1}{Mesura o determinaci\363}{section.1}% 2
\BOOKMARK [1][-]{section.2}{Semiologia}{}% 3
\BOOKMARK [2][-]{subsection.2.1}{Valors de refer\350ncia}{section.2}% 4
\BOOKMARK [2][-]{subsection.2.2}{Determinaci\363 de la capacitat discriminant}{section.2}% 5
\BOOKMARK [1][-]{section.3}{Prote\357nes plasm\340tiques}{}% 6
\BOOKMARK [2][-]{subsection.3.1}{Prote\357nes plasm\340tiques de transport}{section.3}% 7
\BOOKMARK [2][-]{subsection.3.2}{Prote\357nes de fase aguda}{section.3}% 8
\BOOKMARK [2][-]{subsection.3.3}{Altres prote\357nes}{section.3}% 9
\BOOKMARK [2][-]{subsection.3.4}{Determinaci\363 de la prote\357na total}{section.3}% 10
\BOOKMARK [2][-]{subsection.3.5}{Interpretaci\363 cl\355nica}{section.3}% 11
\BOOKMARK [2][-]{subsection.3.6}{Fraccionament de prote\357nes}{section.3}% 12
\BOOKMARK [2][-]{subsection.3.7}{M\350todes immunol\362gics per la detecci\363 de prote\357nes}{section.3}% 13
\BOOKMARK [1][-]{section.4}{Hemoglobina i ferro}{}% 14
\BOOKMARK [2][-]{subsection.4.1}{La hemoglobina}{section.4}% 15
\BOOKMARK [2][-]{subsection.4.2}{Trastorns deguts a reaccions de l'hemoglobina}{section.4}% 16
\BOOKMARK [2][-]{subsection.4.3}{Trastorns a la s\355ntesi de la globina}{section.4}% 17
\BOOKMARK [2][-]{subsection.4.4}{Desordres de la s\355ntesi del grup hemo}{section.4}% 18
\BOOKMARK [2][-]{subsection.4.5}{Trastorns deguts a reaccions de l'hemoglobina}{section.4}% 19
\BOOKMARK [2][-]{subsection.4.6}{Trastorns a la s\355ntesi de la globina}{section.4}% 20
\BOOKMARK [2][-]{subsection.4.7}{Desordres de la s\355ntesi del grup hemo}{section.4}% 21
\BOOKMARK [2][-]{subsection.4.8}{Alteracions del metabolisme del ferro}{section.4}% 22
\BOOKMARK [2][-]{subsection.4.9}{Casos cl\355nics}{section.4}% 23
\BOOKMARK [1][-]{section.5}{Enzimologia cl\355nica}{}% 24
\BOOKMARK [2][-]{subsection.5.1}{Enzims}{section.5}% 25
\BOOKMARK [2][-]{subsection.5.2}{Estrat\350gies bioqu\355miques per l'estudi cl\355nic del metabolisme}{section.5}% 26
\BOOKMARK [2][-]{subsection.5.3}{Enzims marcadors habituals en enzimologia cl\355nica}{section.5}% 27
